
> web-app@0.0.0 test:e2e
> mocha selenium-tests/tests/*.test.cjs --timeout 90000 --reporter spec --exit



  TrackBack — Login E2E Tests

🌐 Testing against: https://pramithm.github.io/TrackBack-Web-PDD/
  📄 Page title: "TrackBack - Secure AI-Powered Lost & Found Platform"
    ✔ should load the TrackBack landing page (508ms)
  ✅ Login form loaded
    ✔ should navigate to the login form (1177ms)
  ⏳ Waiting for authentication redirection...
  ✅ Dashboard loaded — login successful
  🔍 E2E Debug Info:
    - URL: https://pramithm.github.io/TrackBack-Web-PDD/
    - Firebase UID: rqimz36vSpfl2uNKchUud0yH9KC3
    - emailVerified: true
    ✔ should login with valid credentials and reach the dashboard (3249ms)
  ✅ Invalid credentials correctly rejected
    ✔ should reject invalid credentials with an error message (985ms)
  ✅ Sign-up form loaded
    ✔ should open the sign-up form from landing (941ms)
Recorded results merged and saved to recorded-results.json (11 total cases)

  TrackBack — Security E2E & Rules Verification Tests
    ✔ should reject login for invalid credentials (1819ms)
    ✔ should enforce session termination and clean storage upon logout (7341ms)
    ✔ should prevent access to protected routes/dashboard for unauthenticated users (2498ms)
[2026-06-22T14:20:09.093Z]  @firebase/database: FIREBASE WARNING: set at /users/unauthorized_victim_uid failed: permission_denied 
    ✔ should block unauthorized database write attempts to restricted user paths (554ms)
    ✔ should block unauthorized database read attempts to restricted user profiles (173ms)
    ✔ should securely sanitize and encode XSS script payloads in text fields (9506ms)
Security recorded results merged and saved to recorded-results.json (11 total cases)
Security E2E report saved to: /home/runner/work/TrackBack-Web-PDD/TrackBack-Web-PDD/Frontend/Test Results/security-e2e-results.json


  11 passing (43s)

