
> web-app@0.0.0 test:e2e
> mocha selenium-tests/tests/*.test.cjs --timeout 90000 --reporter spec

🔑 Loaded dynamic test credentials from test-credentials.json: pramith414@gmail.com


  TrackBack — Login E2E Tests

🌐 Testing against: https://pramithm.github.io/TrackBack-Web-PDD/
  📄 Page title: "TrackBack - Secure AI-Powered Lost & Found Platform"
    ✔ should load the TrackBack landing page (450ms)
  ✅ Login form loaded
    ✔ should navigate to the login form (163ms)
  ✅ Dashboard loaded — login successful
    ✔ should login with valid credentials and reach the dashboard (1425ms)
    1) should reject invalid credentials with an error message
  📸 Failure screenshot saved: FAIL_should_reject_invalid_credentials_with_an_error_message_1781783545772.png
    2) should open the sign-up form from landing
  📸 Failure screenshot saved: FAIL_should_open_the_sign_up_form_from_landing_1781783566096.png
Recorded results saved to recorded-results.json (5 cases)


  3 passing (44s)
  2 failing

  1) TrackBack — Login E2E Tests
       should reject invalid credentials with an error message:
     TimeoutError: Waiting for element to be located By(css selector, *[id="landing-signin-btn"])
Wait timed out after 20157ms
      at /home/runner/work/TrackBack-Web-PDD/TrackBack-Web-PDD/node_modules/selenium-webdriver/lib/webdriver.js:929:22
      at process.processTicksAndRejections (node:internal/process/task_queues:103:5)

  2) TrackBack — Login E2E Tests
       should open the sign-up form from landing:
     TimeoutError: Waiting for element to be located By(css selector, *[id="landing-signup-btn"])
Wait timed out after 20150ms
      at /home/runner/work/TrackBack-Web-PDD/TrackBack-Web-PDD/node_modules/selenium-webdriver/lib/webdriver.js:929:22
      at process.processTicksAndRejections (node:internal/process/task_queues:103:5)



npm error Lifecycle script `test:e2e` failed with error:
npm error code 2
npm error path /home/runner/work/TrackBack-Web-PDD/TrackBack-Web-PDD/Frontend
npm error workspace web-app@0.0.0
npm error location /home/runner/work/TrackBack-Web-PDD/TrackBack-Web-PDD/Frontend
npm error command failed
npm error command sh -c mocha selenium-tests/tests/*.test.cjs --timeout 90000 --reporter spec
