
> web-app@0.0.0 test:e2e
> mocha selenium-tests/tests/*.test.cjs --timeout 90000 --reporter spec



  TrackBack — Login E2E Tests

🌐 Testing against: https://pramithm.github.io/TrackBack-Web-PDD/
    1) should load the TrackBack landing page
  📸 Failure screenshot saved: FAIL_should_load_the_TrackBack_landing_page_1781696320405.png
    2) should navigate to the login form
  📸 Failure screenshot saved: FAIL_should_navigate_to_the_login_form_1781696340797.png
    3) should login with valid credentials and reach the dashboard
  📸 Failure screenshot saved: FAIL_should_login_with_valid_credentials_and_reach_the_dashboard_1781696360980.png
    4) should reject invalid credentials with an error message
  📸 Failure screenshot saved: FAIL_should_reject_invalid_credentials_with_an_error_message_1781696381145.png
    5) should open the sign-up form from landing
  📸 Failure screenshot saved: FAIL_should_open_the_sign_up_form_from_landing_1781696401311.png
Recorded results saved to recorded-results.json (5 cases)


  0 passing (2m)
  5 failing

  1) TrackBack — Login E2E Tests
       should load the TrackBack landing page:
     TimeoutError: Landing page did not load — Sign In button not found
Wait timed out after 20132ms
      at /home/runner/work/TrackBack-Web-PDD/TrackBack-Web-PDD/node_modules/selenium-webdriver/lib/webdriver.js:929:22
      at process.processTicksAndRejections (node:internal/process/task_queues:95:5)

  2) TrackBack — Login E2E Tests
       should navigate to the login form:
     TimeoutError: Waiting for element to be located By(css selector, *[id="landing-signin-btn"])
Wait timed out after 20177ms
      at /home/runner/work/TrackBack-Web-PDD/TrackBack-Web-PDD/node_modules/selenium-webdriver/lib/webdriver.js:929:22
      at process.processTicksAndRejections (node:internal/process/task_queues:95:5)

  3) TrackBack — Login E2E Tests
       should login with valid credentials and reach the dashboard:
     TimeoutError: Waiting for element to be located By(css selector, *[id="landing-signin-btn"])
Wait timed out after 20118ms
      at /home/runner/work/TrackBack-Web-PDD/TrackBack-Web-PDD/node_modules/selenium-webdriver/lib/webdriver.js:929:22
      at process.processTicksAndRejections (node:internal/process/task_queues:95:5)

  4) TrackBack — Login E2E Tests
       should reject invalid credentials with an error message:
     TimeoutError: Waiting for element to be located By(css selector, *[id="landing-signin-btn"])
Wait timed out after 20118ms
      at /home/runner/work/TrackBack-Web-PDD/TrackBack-Web-PDD/node_modules/selenium-webdriver/lib/webdriver.js:929:22
      at process.processTicksAndRejections (node:internal/process/task_queues:95:5)

  5) TrackBack — Login E2E Tests
       should open the sign-up form from landing:
     TimeoutError: Waiting for element to be located By(css selector, *[id="landing-signup-btn"])
Wait timed out after 20117ms
      at /home/runner/work/TrackBack-Web-PDD/TrackBack-Web-PDD/node_modules/selenium-webdriver/lib/webdriver.js:929:22
      at process.processTicksAndRejections (node:internal/process/task_queues:95:5)



npm error Lifecycle script `test:e2e` failed with error:
npm error code 5
npm error path /home/runner/work/TrackBack-Web-PDD/TrackBack-Web-PDD/Frontend
npm error workspace web-app@0.0.0
npm error location /home/runner/work/TrackBack-Web-PDD/TrackBack-Web-PDD/Frontend
npm error command failed
npm error command sh -c mocha selenium-tests/tests/*.test.cjs --timeout 90000 --reporter spec
